TRACK_TIME 1121270527
TRACK ULI-45F6CE7AE7 B738 405558 1121301.2 457 360 105 ZDV ZDV18
    FP_ROUTE KSLC./.HIF211016..MEM.CHPPR1.I08L.RW08L.<>.KATL

TRACK_TIME 1121274433
TRACK ULI-CD56FD0D20 B737 360300 1014400 444 390 93 ZAB ZAB98
    FP_ROUTE KLAS./.BLD124012..MEM.CHPPR1.I08L.RW08L.<>.KATL