ULI-45F6CE7AE7 360
ULI-CD56FD0D20 390
