DAL2312 330
UAL2377 330
UAL863 330
DAL806 330
UAL748 330
UAL210 330
JBU1715 330
UAL2732 330
SIA1 330
FFT662 330
CPA851 330
EVA017 330
EJA110 330
CAL003 330
EVA027 330
AIC184 330
CMP383 330
TAI561 330
AAL1742 330
JBU333 330
GTI2858 330
UAL955 330
UAL396 330
UAL1092 330
