TRACKTIME 1617999361
TRACK ABC123 B744 373706.7296 -1222253.9580 0 0.13 28 ZOA ZOA46
    FP_ROUTE KSFO.<{"id": "Gate_D_56B"}, {"id": "Ramp_04_011"}, {"id": "Txy_A_010"}, {"id": "Txy_A_E"}, {"id": "Txy_A_009"}, {"id": "Txy_A_F1"}, {"id": "Txy_A_008"}, {"id": "Txy_A_G"}, {"id": "Txy_B_G"}, {"id": "Txy_B_H"}, {"id": "Txy_B_M"}, {"id": "Txy_M_002"}, {"id": "Rwy_01_001"}>.RW01L.WESLA4.SAC095049..ILC..MEM.ERLIN2.WHINZ4.I27L.RW27L.<{"id": "Rwy_04_001"}, {"id": "Txy_P_001"}, {"id": "Txy_P_002"}, {"id": "Txy_N_001"}, {"id": "Txy_P_003"}, {"id": "Rwy_03_001"}, {"id": "Txy_L_001"}, {"id": "Txy_L_101"}, {"id": "Txy_L_002"}, {"id": "Txy_L_003"}, {"id": "Txy_L_004"}, {"id": "Txy_L_005"}, {"id": "Txy_L_006"}, {"id": "Txy_L_007"}, {"id": "Txy_2S_001"}, {"id": "Ramp_02_015"}, {"id": "Ramp_02_016"}, {"id": "Ramp_02_017"}, {"id": "Ramp_02_018"}, {"id": "Ramp_02_019"}, {"id": "Ramp_02_020"}, {"id": "Ramp_02_021"}, {"id": "Ramp_02_022"}, {"id": "Ramp_02_023"}, {"id": "Ramp_02_024"}, {"id": "Ramp_03_008"}, {"id": "Gate_B_022"}>.KATL

TRACKTIME 1617999371
TRACK ABC456 B744 335632.9800 -1182428.9800 200 100.00 307 ZOA ZOA46
    FP_ROUTE KLAX.<>.RZS.WHINZ4..OAL.MOD8.WWAVS1.I28R.RW28R.<{"id": "Rwy_04_018"}, {"id": "Txy_S_002"}, {"id": "Txy_S2_002"}, {"id": "Txy_S_001"}, {"id": "Txy_S_R"}, {"id": "Txy_Z_R"}, {"id": "Txy_Z_S1"}, {"id": "Txy_Z_B1"}, {"id": "Txy_Z_Q"}, {"id": "Txy_B_003"}, {"id": "Txy_Q1_001"}, {"id": "Txy_A_014"}, {"id": "Txy_A_K"}, {"id": "Txy_A_013"}, {"id": "Txy_A_012"}, {"id": "Txy_A_011"}, {"id": "Txy_A_D"}, {"id": "Txy_A_010"}, {"id": "Txy_A_E"}, {"id": "Txy_A_009"}, {"id": "Txy_A_F1"}, {"id": "Txy_A_008"}, {"id": "Ramp_03_007"}, {"id": "Gate_C_045"}>.KSFO

TRACKTIME 1617999381
TRACK DEF123 B744 373706.5784 -1222316.6992 0 0.13 28 ZOA ZOA46
    FP_ROUTE KSFO.<{"id": "Gate_01_73A"}, {"id": "Ramp_06_021"}, {"id": "Ramp_06_020"}, {"id": "Ramp_06_019"}, {"id": "Ramp_06_018"}, {"id": "Ramp_06_017"}, {"id": "Ramp_06_016"}, {"id": "Ramp_06_015"}, {"id": "Txy_A_B4"}, {"id": "Txy_A_B3"}, {"id": "Txy_A_B2"}, {"id": "Txy_A_B1"}, {"id": "Txy_A_016"}, {"id": "Txy_A_015"}, {"id": "Txy_A_012"}, {"id": "Txy_A_011"}, {"id": "Txy_A_D"}, {"id": "Txy_A_010"}, {"id": "Txy_A_E"}, {"id": "Txy_A_009"}, {"id": "Txy_A_F1"}, {"id": "Txy_A_008"}, {"id": "Txy_A_G"}, {"id": "Txy_A_007"}, {"id": "Txy_A_006"}, {"id": "Txy_A_005"}, {"id": "Txy_A_H"}, {"id": "Txy_A_004"}, {"id": "Txy_A_M"}, {"id": "Txy_A_003"}, {"id": "Txy_A_002"}, {"id": "Txy_A_A1"}, {"id": "Txy_A_001"}, {"id": "Rwy_02_001"}, {"id": "Rwy_02_002"}>.RW01R.WESLA4.SAC095048..ILC..BCE..RSK..PNH.YEAGR3.I35C.RW35C.<{"id": "Rwy_05_001"}, {"id": "Txy_M_EF"}, {"id": "Rwy_04_001"}, {"id": "Txy_L_EF"}, {"id": "Txy_L_EG"}, {"id": "Txy_K_EG"}, {"id": "Txy_Y_006"}, {"id": "Txy_K_Y"}, {"id": "Txy_J_Y"}, {"id": "Txy_Y_012"}, {"id": "Txy_Y_JY"}, {"id": "Txy_Z_JY"}, {"id": "Txy_Z_010"}, {"id": "Txy_Z_009"}, {"id": "Txy_Z_HY"}, {"id": "Txy_Z_008"}, {"id": "Txy_G_Z"}, {"id": "Txy_G_G5"}, {"id": "Txy_G_007"}, {"id": "Txy_G_WJ"}, {"id": "Ramp_02_021"}, {"id": "Ramp_02_029"}, {"id": "Ramp_02_030"}, {"id": "Ramp_02_031"}, {"id": "Ramp_02_032"}, {"id": "Ramp_02_033"}, {"id": "Ramp_02_034"}, {"id": "Ramp_02_035"}, {"id": "Ramp_02_036"}, {"id": "Ramp_02_037"}, {"id": "Ramp_02_038"}, {"id": "Ramp_02_039"}, {"id": "Ramp_02_040"}, {"id": "Ramp_02_041"}, {"id": "Ramp_02_045"}, {"id": "Ramp_02_046"}, {"id": "Ramp_02_044"}, {"id": "Ramp_02_047"}, {"id": "Ramp_02_049"}, {"id": "Ramp_04_013"}, {"id": "Gate_D_038"}>.KDFW

TRACKTIME 1617999391
TRACK DEF456 B744 373705.6892 -1222251.1068 0 0.13 28 ZOA ZOA46
    FP_ROUTE KSFO.<{"id": "Gate_D_56A"}, {"id": "Ramp_04_010"}, {"id": "Txy_A_E"}, {"id": "Txy_A_009"}, {"id": "Txy_A_F1"}, {"id": "Txy_A_008"}, {"id": "Txy_A_G"}, {"id": "Txy_A_007"}, {"id": "Txy_A_006"}, {"id": "Txy_A_005"}, {"id": "Txy_A_H"}, {"id": "Txy_A_004"}, {"id": "Txy_A_M"}, {"id": "Txy_A_003"}, {"id": "Txy_A_002"}, {"id": "Txy_A_A1"}, {"id": "Txy_A_001"}, {"id": "Rwy_02_001"}, {"id": "Rwy_02_002"}>.RW01R.WESLA4.MVA..PAWLY.J84.EKR.J116.FQF.J80.MCI..ANX.TRAKE8.VLA9.I12R.RW12R.<{"id": "Rwy_03_014"}, {"id": "Txy_H_002"}, {"id": "Txy_D_H"}, {"id": "Txy_H_001"}, {"id": "Txy_C_H"}, {"id": "Txy_C_021"}, {"id": "Txy_C_J"}, {"id": "Txy_C_C1"}, {"id": "Ramp_05_022"}, {"id": "Ramp_05_021"}, {"id": "Ramp_05_007"}, {"id": "Gate_02_E18"}>.KSTL

