TRACKTIME 1618321611
TRACK ABC123 B744 373706.7296 -1222253.9580 0 0.13 28 ZOA ZOA46
    FP_ROUTE KSFO.<{"id": "Gate_D_56B"}, {"id": "Ramp_04_011"}, {"id": "Txy_A_010"}, {"id": "Txy_A_E"}, {"id": "Txy_A_009"}, {"id": "Txy_A_F1"}, {"id": "Txy_A_008"}, {"id": "Txy_A_G"}, {"id": "Txy_B_G"}, {"id": "Txy_B_H"}, {"id": "Txy_B_M"}, {"id": "Txy_M_002"}, {"id": "Rwy_01_001"}>.RW01L.GAPP7.RBL162123..I16L.RW16L.<{"id": "Rwy_02_010"}, {"id": "Txy_H1_001"}, {"id": "Txy_H1_h"}, {"id": "Txy_H2_H"}, {"id": "Txy_H_011"}, {"id": "Txy_H_010"}, {"id": "Txy_H_009"}, {"id": "Txy_H_008"}, {"id": "Txy_H_007"}, {"id": "Txy_H3"}, {"id": "Txy_H_006"}, {"id": "Txy_H_005"}, {"id": "Txy_H_004"}, {"id": "Txy_H_H4"}, {"id": "Ramp_03_006"}, {"id": "Ramp_03_007"}, {"id": "Txy_H_H5"}, {"id": "Ramp_01_012"}, {"id": "Ramp_01_013"}, {"id": "Txy_H_H6"}, {"id": "Ramp_01_014"}, {"id": "Txy_H_H7"}, {"id": "Ramp_01_015"}, {"id": "Ramp_01_016"}, {"id": "Ramp_01_017"}, {"id": "Ramp_01_018"}, {"id": "Ramp_01_027"}, {"id": "Ramp_01_028"}, {"id": "Ramp_01_029"}, {"id": "Ramp_01_030"}, {"id": "Ramp_01_039"}, {"id": "Ramp_01_040"}, {"id": "Ramp_01_041"}, {"id": "Ramp_01_042"}, {"id": "Ramp_01_043"}, {"id": "Ramp_01_044"}, {"id": "Ramp_01_045"}, {"id": "Ramp_01_053"}, {"id": "Ramp_01_054"}, {"id": "Ramp_01_055"}, {"id": "Gate_01_090"}, {"id": "Ramp_01_050"}, {"id": "Ramp_01_051"}, {"id": "Ramp_01_052"}, {"id": "Ramp_01_071"}, {"id": "Ramp_01_072"}, {"id": "Ramp_01_073"}, {"id": "Gate_E_020"}>.KSLC

TRACKTIME 1618321621
TRACK ABC456 B744 334904.5500 -1180906.8100 200 100.00 307 ZOA ZOA46
    FP_ROUTE KLGB.<>.RZS..DYAMD5.I28R.RW28R.<{"id": "Rwy_04_018"}, {"id": "Txy_S_002"}, {"id": "Txy_S2_002"}, {"id": "Txy_S_001"}, {"id": "Txy_S_R"}, {"id": "Txy_Z_R"}, {"id": "Txy_Z_S1"}, {"id": "Txy_Z_B1"}, {"id": "Txy_Z_Q"}, {"id": "Txy_B_003"}, {"id": "Txy_Q1_001"}, {"id": "Txy_A_014"}, {"id": "Txy_A_K"}, {"id": "Txy_A_013"}, {"id": "Txy_A_012"}, {"id": "Txy_A_011"}, {"id": "Txy_A_D"}, {"id": "Txy_A_010"}, {"id": "Txy_A_E"}, {"id": "Txy_A_009"}, {"id": "Txy_A_F1"}, {"id": "Txy_A_008"}, {"id": "Ramp_03_007"}, {"id": "Gate_C_045"}>.KSFO

TRACKTIME 1618321631
TRACK DEF123 B744 373714.2392 -1222316.0296 0 0.13 28 ZOA ZOA46
    FP_ROUTE KSFO.<{"id": "Gate_F_080"}, {"id": "Ramp_06_008"}, {"id": "Txy_A_014"}, {"id": "Txy_A_K"}, {"id": "Txy_A_013"}, {"id": "Txy_A_012"}, {"id": "Txy_A_011"}, {"id": "Txy_A_D"}, {"id": "Txy_A_010"}, {"id": "Txy_A_E"}, {"id": "Txy_A_009"}, {"id": "Txy_A_F1"}, {"id": "Txy_A_008"}, {"id": "Txy_A_G"}, {"id": "Txy_A_007"}, {"id": "Txy_A_006"}, {"id": "Txy_A_005"}, {"id": "Txy_A_H"}, {"id": "Txy_A_004"}, {"id": "Txy_A_M"}, {"id": "Txy_A_003"}, {"id": "Txy_A_002"}, {"id": "Txy_A_A1"}, {"id": "Txy_A_001"}, {"id": "Rwy_02_001"}, {"id": "Rwy_02_002"}>.RW01R.GAPP7.MVA..PAWLY.J84.EKR.J116.FQF.J80.MCI..ANX.TRAKE8.I12L.RW12L.<{"id": "Rwy_04_009"}, {"id": "Txy_E_005"}, {"id": "Txy_E_004"}, {"id": "Txy_E_003"}, {"id": "Txy_E_H"}, {"id": "Txy_H_004"}, {"id": "Txy_H_003"}, {"id": "Rwy_03_014"}, {"id": "Txy_H_002"}, {"id": "Txy_D_H"}, {"id": "Txy_H_001"}, {"id": "Txy_C_H"}, {"id": "Txy_C_021"}, {"id": "Txy_C_J"}, {"id": "Txy_C_C1"}, {"id": "Ramp_05_022"}, {"id": "Ramp_05_021"}, {"id": "Ramp_05_007"}, {"id": "Ramp_05_006"}, {"id": "Ramp_05_005"}, {"id": "Ramp_05_004"}, {"id": "Ramp_05_003"}, {"id": "Ramp_05_002"}, {"id": "Ramp_05_001"}, {"id": "Ramp_04_012"}, {"id": "Gate_02_E36"}>.KSTL

TRACKTIME 1618321641
TRACK DEF456 B744 373705.6892 -1222251.1068 0 0.13 28 ZOA ZOA46
    FP_ROUTE KSFO.<{"id": "Gate_D_56A"}, {"id": "Ramp_04_010"}, {"id": "Txy_A_E"}, {"id": "Txy_A_009"}, {"id": "Txy_A_F1"}, {"id": "Txy_A_008"}, {"id": "Txy_A_G"}, {"id": "Txy_A_007"}, {"id": "Txy_A_006"}, {"id": "Txy_A_005"}, {"id": "Txy_A_H"}, {"id": "Txy_A_004"}, {"id": "Txy_A_M"}, {"id": "Txy_A_003"}, {"id": "Txy_A_002"}, {"id": "Txy_A_A1"}, {"id": "Txy_A_001"}, {"id": "Rwy_02_001"}, {"id": "Rwy_02_002"}>.RW01R.OFFSH1.SAC111036..ILC..BCE..RSK..PNH.J58.SPS..TXK..JAN.MEI..OTK.I17L.RW17L.<{"id": "Rwy_04_008"}, {"id": "Txy_N6_001"}, {"id": "Txy_N_N6"}, {"id": "Txy_N_N5"}, {"id": "Txy_N_N4"}, {"id": "Txy_N_F"}, {"id": "Txy_F_004"}, {"id": "Txy_F_E6"}, {"id": "Txy_E_E6"}, {"id": "Txy_E_008"}, {"id": "Rwy_03_004"}, {"id": "Txy_E_007"}, {"id": "Txy_H_E"}, {"id": "Txy_G_E"}, {"id": "Txy_E_E5"}, {"id": "Txy_E_E4"}, {"id": "Txy_E_006"}, {"id": "Txy_E_E2"}, {"id": "Txy_E2_E3"}, {"id": "Txy_E2_001"}, {"id": "Ramp_03_011"}, {"id": "Ramp_03_012"}, {"id": "Ramp_03_013"}, {"id": "Ramp_03_014"}, {"id": "Gate_B3_047"}>.KMCO

