DAL2312 330
UAL2377 330
UAL863 330
DAL806 330
UAL748 330
UAL210 330
JBU1715 330
EJA110 330
AAL1742 330
JBU333 330
