TRACKTIME 1617658811
TRACK ABC123 B744 373707.2120 -1222254.2280 0 0.13 28 ZOA ZOA46
    FP_ROUTE KSFO.<{"id": "Gate_C_046"}, {"id": "Ramp_03_004"}, {"id": "Txy_A_007"}, {"id": "Txy_A_G"}, {"id": "Txy_A_008"}, {"id": "Txy_A_F1"}, {"id": "Txy_B_F1"}, {"id": "Txy_F1_001"}, {"id": "Rwy_01_004"}, {"id": "Txy_F1_002"}, {"id": "Txy_F1_003"}, {"id": "Rwy_02_005"}, {"id": "Txy_F1_004"}, {"id": "Txy_F_L"}, {"id": "Txy_F_005"}, {"id": "Txy_F_N"}, {"id": "Txy_F_004"}, {"id": "Txy_F_003"}, {"id": "Txy_F_002"}, {"id": "Txy_F_001"}, {"id": "Rwy_03_001"}, {"id": "Txy_C_001"}, {"id": "Txy_C_002"}, {"id": "Rwy_04_001"}>.RW28R.I28R.WESLA4.SAC.J32.BAM.J32.CZI.J82.RAP..RWF.J34.DJB..ACO.CUTTA2.JESEY3.I10R.RW10R.<{"id": "Rwy_03_009"}, {"id": "Txy_N_012"}, {"id": "Txy_N_011"}, {"id": "Txy_N_010"}, {"id": "Rwy_02_010"}, {"id": "Txy_N_009"}, {"id": "Txy_N_E"}, {"id": "Txy_N_007"}, {"id": "Txy_N_006"}, {"id": "Txy_N_005"}, {"id": "Txy_N_004"}, {"id": "Txy_N_003"}, {"id": "Txy_C_013"}, {"id": "Txy_C_012"}, {"id": "Txy_C_011"}, {"id": "Txy_C_010"}, {"id": "Txy_C_009"}, {"id": "Txy_C_008"}, {"id": "Txy_T_008"}, {"id": "Txy_E_003"}, {"id": "Txy_V1_001"}, {"id": "Ramp_05_010"}, {"id": "Ramp_05_009"}, {"id": "Gate_A_025"}>.KPIT

TRACKTIME 1617658928
TRACK ABC123 B744 373707.2120 -1222254.2280 0 0.13 28 ZOA ZOA46
    FP_ROUTE KSFO.<{"id": "Gate_D_54B"}, {"id": "Ramp_04_008"}, {"id": "Txy_A_009"}, {"id": "Txy_A_B"}, {"id": "Txy_F_010"}, {"id": "Txy_F_009"}, {"id": "Rwy_01_005"}, {"id": "Txy_F_008"}, {"id": "Txy_F_007"}, {"id": "Rwy_02_006"}, {"id": "Txy_F_006"}, {"id": "Txy_F_L"}, {"id": "Txy_F_005"}, {"id": "Txy_F_N"}, {"id": "Txy_F_004"}, {"id": "Txy_F_003"}, {"id": "Txy_F_002"}, {"id": "Txy_F_001"}, {"id": "Rwy_03_001"}>.RW28L.I28L.WESLA4.MVA.J84.EKR..DVV..MCK.J130.PWE..IRK..CAP..DNV.TARNE3.TIGRR2.I36C.RW36C.<{"id": "rwy_01_011"}, {"id": "txy_D_020"}, {"id": "txy_D_019"}, {"id": "txy_D_018"}, {"id": "txy_E_009"}, {"id": "txy_E_008"}, {"id": "ramp_A_001"}, {"id": "ramp_A_002"}, {"id": "ramp_A_003"}, {"id": "ramp_A_004"}, {"id": "txy_E_007"}, {"id": "ramp_B_001"}, {"id": "ramp_B_002"}, {"id": "ramp_B_003"}, {"id": "ramp_B_009"}, {"id": "ramp_B_004"}, {"id": "ramp_B_005"}, {"id": "ramp_B_006"}, {"id": "ramp_B_007"}, {"id": "ramp_B_008"}, {"id": "spot_08N"}, {"id": "spot_08S"}, {"id": "ramp_04_006"}, {"id": "ramp_04_005"}, {"id": "ramp_04_004"}, {"id": "ramp_04_003"}, {"id": "ramp_04_002"}, {"id": "ramp_04_001"}, {"id": "ramp_04_040"}, {"id": "ramp_04_039"}, {"id": "ramp_04_038"}, {"id": "ramp_04_037"}, {"id": "ramp_04_036"}, {"id": "ramp_04_035"}, {"id": "ramp_04_034"}, {"id": "gate_04_040"}>.KCVG

TRACKTIME 1617658938
TRACK ABC456 B744 373303.9960 -1220950.6520 200 100.00 307 ZOA ZOA46
    FP_ROUTE KIAD.<>.LDN.J134.HNN.J134.BUM.J110.GCK.J28.MLF.J80.OAL.TIGRR2.I36C.RW10L.<{"id": "Rwy_04_001"}, {"id": "Txy_C_002"}, {"id": "Txy_C_001"}, {"id": "Rwy_03_001"}, {"id": "Txy_F_001"}, {"id": "Txy_F_002"}, {"id": "Txy_F_003"}, {"id": "Txy_F_004"}, {"id": "Txy_F_N"}, {"id": "Txy_F_005"}, {"id": "Txy_F_L"}, {"id": "Txy_F_006"}, {"id": "Rwy_02_006"}, {"id": "Txy_F_007"}, {"id": "Txy_F_008"}, {"id": "Rwy_01_005"}, {"id": "Txy_F_009"}, {"id": "Txy_F_010"}, {"id": "Txy_A_B"}, {"id": "Txy_A_E"}, {"id": "Txy_A_010"}, {"id": "Txy_A_D"}, {"id": "Txy_A_011"}, {"id": "Txy_A_012"}, {"id": "Txy_A_015"}, {"id": "Txy_A_016"}, {"id": "Txy_A_B1"}, {"id": "Txy_A_B2"}, {"id": "Txy_A_B3"}, {"id": "Txy_A_B4"}, {"id": "Txy_B5_001"}, {"id": "Txy_B_B5"}, {"id": "Ramp_07_007"}, {"id": "Ramp_07_006"}, {"id": "Ramp_07_005"}, {"id": "Ramp_07_004"}, {"id": "Ramp_07_003"}, {"id": "Ramp_07_002"}, {"id": "Ramp_07_001"}, {"id": "Gate_G_92A"}>.KSFO

TRACKTIME 1617658948
TRACK DEF123 B744 373708.8680 -1222256.1000 0 0.13 28 ZOA ZOA46
    FP_ROUTE KSFO.<{"id": "Gate_B_034"}, {"id": "Ramp_02_006"}, {"id": "Txy_H_005"}, {"id": "Txy_H_006"}, {"id": "Txy_A_004"}, {"id": "Txy_A_H"}, {"id": "Txy_B_H"}, {"id": "Txy_H_007"}, {"id": "Rwy_01_002"}, {"id": "Txy_H_008"}, {"id": "Txy_H_009"}, {"id": "Rwy_02_004"}, {"id": "Txy_G_005"}, {"id": "Txy_L_004"}, {"id": "Txy_L_005"}, {"id": "Txy_F_005"}, {"id": "Txy_F_N"}, {"id": "Txy_F_004"}, {"id": "Txy_F_003"}, {"id": "Txy_F_002"}, {"id": "Txy_F_001"}, {"id": "Rwy_03_001"}>.RW28L.I28L.WESLA4.MVA..PAWLY.J84.EKR.J116.FQF.J80.MCI..ANX.TRAKE8.VLA9.I12L.RW12L.<{"id": "Rwy_04_009"}, {"id": "Txy_E_005"}, {"id": "Txy_E_004"}, {"id": "Txy_E_003"}, {"id": "Txy_E_H"}, {"id": "Txy_H_004"}, {"id": "Txy_H_003"}, {"id": "Rwy_03_014"}, {"id": "Txy_H_002"}, {"id": "Txy_D_H"}, {"id": "Txy_H_001"}, {"id": "Txy_C_H"}, {"id": "Txy_C_021"}, {"id": "Txy_C_J"}, {"id": "Txy_C_C1"}, {"id": "Ramp_05_022"}, {"id": "Ramp_05_011"}, {"id": "Ramp_05_010"}, {"id": "Ramp_05_009"}, {"id": "Ramp_05_008"}, {"id": "Gate_02_E16"}>.KSTL

TRACKTIME 1617658958
TRACK DEF456 B744 373706.4920 -1222252.3920 0 0.13 28 ZOA ZOA46
    FP_ROUTE KSFO.<{"id": "Gate_F_078"}, {"id": "Ramp_06_006"}, {"id": "Txy_A_013"}, {"id": "Txy_A_012"}, {"id": "Txy_A_011"}, {"id": "Txy_A_D"}, {"id": "Txy_A_010"}, {"id": "Txy_A_E"}, {"id": "Txy_E_B"}, {"id": "Txy_E_001"}, {"id": "Rwy_03_005"}, {"id": "Txy_E_002"}, {"id": "Txy_E_003"}, {"id": "Rwy_04_007"}, {"id": "Txy_E_004"}, {"id": "Txy_C_E"}, {"id": "Txy_E_V"}, {"id": "Txy_V_004"}, {"id": "Rwy_01_007"}, {"id": "Txy_V_003"}, {"id": "Txy_V_002"}, {"id": "Rwy_02_008"}, {"id": "Txy_V_001"}, {"id": "Txy_L_V"}, {"id": "Txy_L_E"}, {"id": "Txy_L_010"}, {"id": "Txy_L_011"}, {"id": "Rwy_02_011"}>.RW19L.I19L.WESLA4.SAC095049..ILC..MEM.ERLIN2.WHINZ4.I08R.RW08R.<{"id": "Rwy_02_012"}, {"id": "Txy_E_015"}, {"id": "Txy_E_014"}, {"id": "Txy_E_013"}, {"id": "Txy_E_012"}, {"id": "Txy_E_011"}, {"id": "Txy_E_010"}, {"id": "Txy_E_009"}, {"id": "Txy_G_004"}, {"id": "Txy_D_009"}, {"id": "Txy_F_012"}, {"id": "Txy_F_011"}, {"id": "Txy_F_010"}, {"id": "Txy_5N_002"}, {"id": "Ramp_06_001"}, {"id": "Ramp_06_002"}, {"id": "Ramp_06_003"}, {"id": "Ramp_06_004"}, {"id": "Ramp_06_005"}, {"id": "Ramp_06_006"}, {"id": "Ramp_06_007"}, {"id": "Ramp_05_110"}, {"id": "Gate_D_011"}>.KATL

