ABC123 330
ABC123 330
ABC456 330
DEF123 330
DEF456 330
