TRACKTIME 1617734257
TRACK ABC123 B744 373706.9816 -1222302.4684 0 0.13 28 ZOA ZOA46
    FP_ROUTE KSFO.<{"id": "Gate_E_061"}, {"id": "Ramp_05_001"}, {"id": "Ramp_05_002"}, {"id": "Ramp_05_003"}, {"id": "Txy_A_010"}, {"id": "Txy_A_E"}, {"id": "Txy_A_B"}, {"id": "Txy_F_010"}, {"id": "Txy_F_009"}, {"id": "Rwy_01_005"}, {"id": "Txy_F_008"}, {"id": "Txy_F_007"}, {"id": "Rwy_02_006"}, {"id": "Txy_F_006"}, {"id": "Txy_F_L"}, {"id": "Txy_F_005"}, {"id": "Txy_F_N"}, {"id": "Txy_F_004"}, {"id": "Txy_F_003"}, {"id": "Txy_F_002"}, {"id": "Txy_F_001"}, {"id": "Rwy_03_001"}, {"id": "Txy_C_001"}, {"id": "Txy_C_002"}, {"id": "Rwy_04_001"}>.RW28R.I28R.WESLA4.SAC095049..ILC..MEM.ERLIN2.WHINZ4.I26L.RW26L.<{"id": "Rwy_02_001"}, {"id": "Txy_H_001"}, {"id": "Txy_E_002"}, {"id": "Txy_F_002"}, {"id": "Txy_F_003"}, {"id": "Txy_F_004"}, {"id": "Txy_F_104"}, {"id": "Txy_F_005"}, {"id": "Txy_F_006"}, {"id": "Txy_F_106"}, {"id": "Txy_F_007"}, {"id": "Txy_F_008"}, {"id": "Txy_5S_002"}, {"id": "Ramp_05_022"}, {"id": "Ramp_05_115"}, {"id": "Ramp_05_021"}, {"id": "Ramp_05_116"}, {"id": "Ramp_05_020"}, {"id": "Ramp_05_114"}, {"id": "Ramp_05_113"}, {"id": "Ramp_05_019"}, {"id": "Gate_D_025"}>.KATL

TRACKTIME 1617734267
TRACK ABC456 B744 404132.9300 -741007.2700 200 100.00 307 ZOA ZOA46
    FP_ROUTE KEWR.<>.BUF..ECK..DLL..MCW..BFF..DTA..OAL.WHINZ4.I10L.RW10L.<{"id": "Rwy_04_001"}, {"id": "Txy_C_002"}, {"id": "Txy_C_001"}, {"id": "Rwy_03_001"}, {"id": "Txy_F_001"}, {"id": "Txy_F_002"}, {"id": "Txy_F_003"}, {"id": "Txy_F_004"}, {"id": "Txy_F_N"}, {"id": "Txy_F_005"}, {"id": "Txy_F_L"}, {"id": "Txy_F_006"}, {"id": "Rwy_02_006"}, {"id": "Txy_F_007"}, {"id": "Txy_F_008"}, {"id": "Rwy_01_005"}, {"id": "Txy_F_009"}, {"id": "Txy_F_010"}, {"id": "Txy_A_B"}, {"id": "Txy_A_E"}, {"id": "Txy_A_010"}, {"id": "Txy_A_D"}, {"id": "Txy_A_011"}, {"id": "Txy_A_012"}, {"id": "Txy_A_013"}, {"id": "Txy_A_K"}, {"id": "Ramp_06_007"}, {"id": "Gate_F_079"}>.KSFO

TRACKTIME 1617734277
TRACK DEF123 B744 373651.7428 -1222257.5040 0 0.13 28 ZOA ZOA46
    FP_ROUTE KSFO.<{"id": "Gate_C_044"}, {"id": "Ramp_03_003"}, {"id": "Ramp_03_004"}, {"id": "Txy_A_007"}, {"id": "Txy_A_G"}, {"id": "Txy_A_008"}, {"id": "Txy_A_F1"}, {"id": "Txy_B_F1"}, {"id": "Txy_F1_001"}, {"id": "Rwy_01_004"}, {"id": "Txy_F1_002"}, {"id": "Txy_F1_003"}, {"id": "Rwy_02_005"}, {"id": "Txy_F1_004"}, {"id": "Txy_F_L"}, {"id": "Txy_L_006"}, {"id": "Rwy_03_004"}, {"id": "Txy_L_007"}, {"id": "Txy_L_008"}, {"id": "Rwy_04_006"}, {"id": "Txy_L_009"}, {"id": "Txy_C_L"}, {"id": "Txy_L_V"}, {"id": "Txy_L_E"}, {"id": "Txy_L_010"}, {"id": "Txy_L_011"}, {"id": "Rwy_02_011"}>.RW19L.I19L.WESLA4.PXN..MITEL..BLD..ELP.J86.LEV.SSCOT5.I08R.RW08R.<{"id": "Rwy_02_013"}, {"id": "Txy_M11_001"}, {"id": "Txy_M_001"}, {"id": "Txy_N_001"}, {"id": "Ramp_01_009"}, {"id": "Ramp_01_101"}, {"id": "Ramp_01_010"}, {"id": "Ramp_01_011"}, {"id": "Ramp_01_012"}, {"id": "Txy_N_003"}, {"id": "Ramp_01_013"}, {"id": "Ramp_01_014"}, {"id": "Gate_D_016"}>.KMIA

TRACKTIME 1617734287
TRACK DEF456 B744 373713.6992 -1222311.9004 0 0.13 28 ZOA ZOA46
    FP_ROUTE KSFO.<{"id": "Gate_F_77A"}, {"id": "Ramp_06_002"}, {"id": "Ramp_06_003"}, {"id": "Ramp_06_004"}, {"id": "Txy_A_012"}, {"id": "Txy_A_011"}, {"id": "Txy_A_D"}, {"id": "Txy_A_010"}, {"id": "Txy_A_E"}, {"id": "Txy_E_B"}, {"id": "Txy_E_001"}, {"id": "Rwy_03_005"}, {"id": "Txy_E_002"}, {"id": "Txy_E_003"}, {"id": "Rwy_04_007"}, {"id": "Txy_E_004"}, {"id": "Txy_C_E"}, {"id": "Txy_E_V"}, {"id": "Txy_V_004"}, {"id": "Rwy_01_007"}, {"id": "Txy_V_003"}, {"id": "Txy_V_002"}, {"id": "Rwy_02_008"}, {"id": "Txy_V_001"}, {"id": "Txy_L_V"}, {"id": "Txy_L_E"}, {"id": "Txy_L_010"}, {"id": "Txy_L_011"}, {"id": "Rwy_02_011"}>.RW19L.I19L.WESLA4.WAGES..BOILE..BLH.J169.TFD.J50.ELP.J183.CLL.HOAGI1.ZEEKK2.I08L.RW08L.<{"id": "Rwy_01_008"}, {"id": "Txy_FK_001"}, {"id": "Txy_FA_FK"}, {"id": "txk_FH_FK"}, {"id": "Txy_NP_EE"}, {"id": "Txy_CC_NP"}, {"id": "Txy_NP_001"}, {"id": "Rwy_02_008"}, {"id": "Txy_NP_002"}, {"id": "Txy_NA_NP"}, {"id": "Txy_NB_NP"}, {"id": "Txy_NB_009"}, {"id": "Txy_NB_008"}, {"id": "Txy_NB_NN"}, {"id": "Txy_NN_002"}, {"id": "Txy_RB_SF"}, {"id": "Txy_RB_001"}, {"id": "Ramp_05_014"}, {"id": "Gate_E_019"}>.KIAH

