TRACKTIME 1617646928
TRACK ABC123 B744 373707.2120 -1222254.2280 0 0.13 28 ZOA ZOA46
    FP_ROUTE KSFO.<{"id": "Gate_C_047"}, {"id": "Ramp_03_006"}, {"id": "Txy_A_G"}, {"id": "Txy_A_008"}, {"id": "Txy_A_F1"}, {"id": "Txy_B_F1"}, {"id": "Txy_F1_001"}, {"id": "Rwy_01_004"}, {"id": "Txy_F1_002"}, {"id": "Txy_F1_003"}, {"id": "Rwy_02_005"}, {"id": "Txy_F1_004"}, {"id": "Txy_F_L"}, {"id": "Txy_L_006"}, {"id": "Rwy_03_004"}, {"id": "Txy_L_007"}, {"id": "Txy_L_008"}, {"id": "Rwy_04_006"}, {"id": "Txy_L_009"}, {"id": "Txy_C_L"}, {"id": "Txy_L_V"}, {"id": "Txy_L_E"}, {"id": "Txy_L_010"}, {"id": "Txy_L_011"}, {"id": "Rwy_02_011"}>.RW19L.I19L.WESLA4.RBL163130..FMG..LLC..BAM.J94.ONL.JAVAS.J64.BDF.PANGG3.I13C.RW13C.<{"id": "Rwy_1_008"}, {"id": "Rwy_1_018"}, {"id": "Txy_E_001"}, {"id": "Txy_G_E"}, {"id": "Txy_E_009"}, {"id": "Txy_E_010"}, {"id": "Txy_K_E"}, {"id": "Txy_E_014"}, {"id": "Txy_E_015"}, {"id": "Ramp_01_033"}, {"id": "Ramp_01_034"}, {"id": "Ramp_01_035"}, {"id": "Ramp_01_036"}, {"id": "Ramp_01_037"}, {"id": "Gate_A_010"}>.KMDW

TRACKTIME 1617646938
TRACK ABC456 B744 333825.4796 -842511.4708 200 100.00 307 ZOA ZOA46
    FP_ROUTE KATL.<>.CARPT..BNA.J46.ARG..RZC..PER..GCK.J28.MLF.J80.OAL.PANGG3.I10L.RW10L.<{"id": "Rwy_04_001"}, {"id": "Txy_C_002"}, {"id": "Txy_C_001"}, {"id": "Rwy_03_001"}, {"id": "Txy_F_001"}, {"id": "Txy_F_002"}, {"id": "Txy_F_003"}, {"id": "Txy_F_004"}, {"id": "Txy_F_N"}, {"id": "Txy_F_005"}, {"id": "Txy_F_L"}, {"id": "Txy_F_006"}, {"id": "Rwy_02_006"}, {"id": "Txy_F_007"}, {"id": "Txy_F_008"}, {"id": "Rwy_01_005"}, {"id": "Txy_F_009"}, {"id": "Txy_F_010"}, {"id": "Txy_A_B"}, {"id": "Txy_A_E"}, {"id": "Txy_A_010"}, {"id": "Ramp_05_003"}, {"id": "Ramp_05_002"}, {"id": "Ramp_05_001"}, {"id": "Gate_E_061"}>.KSFO

TRACKTIME 1617646948
TRACK DEF123 B744 373708.8680 -1222256.1000 0 0.13 28 ZOA ZOA46
    FP_ROUTE KSFO.<{"id": "Gate_01_075"}, {"id": "Ramp_07_001"}, {"id": "Ramp_07_002"}, {"id": "Ramp_07_003"}, {"id": "Ramp_07_004"}, {"id": "Ramp_07_005"}, {"id": "Ramp_07_006"}, {"id": "Ramp_07_007"}, {"id": "Txy_B_B5"}, {"id": "Txy_B5_001"}, {"id": "Txy_A_B4"}, {"id": "Txy_A_B3"}, {"id": "Txy_A_B2"}, {"id": "Txy_A_B1"}, {"id": "Txy_A_016"}, {"id": "Txy_A_015"}, {"id": "Txy_A_012"}, {"id": "Txy_A_011"}, {"id": "Txy_A_D"}, {"id": "Txy_A_010"}, {"id": "Txy_A_E"}, {"id": "Txy_A_B"}, {"id": "Txy_F_010"}, {"id": "Txy_F_009"}, {"id": "Rwy_01_005"}, {"id": "Txy_F_008"}, {"id": "Txy_F_007"}, {"id": "Rwy_02_006"}, {"id": "Txy_F_006"}, {"id": "Txy_F_L"}, {"id": "Txy_F_005"}, {"id": "Txy_F_N"}, {"id": "Txy_F_004"}, {"id": "Txy_F_003"}, {"id": "Txy_F_002"}, {"id": "Txy_F_001"}, {"id": "Rwy_03_001"}, {"id": "Txy_C_001"}, {"id": "Txy_C_002"}, {"id": "Rwy_04_001"}>.RW28R.I28R.WESLA4.RBL163130..FMG..LLC..BAM.J94.ONL.JAVAS.J64.BDF.PANGG3.I31C.RW31C.<{"id": "Rwy_1_003"}, {"id": "Rwy_1_002"}, {"id": "Txy_N_001"}, {"id": "Txy_N_002"}, {"id": "Rwy_2_011"}, {"id": "Txy_N_003"}, {"id": "Txy_N_004"}, {"id": "Txy_N_007"}, {"id": "Txy_N_008"}, {"id": "Rwy_3_002"}, {"id": "Txy_N_099"}, {"id": "Txy_P_015"}, {"id": "Txy_P_014"}, {"id": "Rwy_4_006"}, {"id": "Txy_P_012"}, {"id": "Txy_P_010"}, {"id": "Ramp_01_042"}, {"id": "Ramp_01_041"}, {"id": "Ramp_01_066"}, {"id": "Txy_01_088"}, {"id": "Ramp_01_038"}, {"id": "Txy_01_077"}, {"id": "Ramp_01_031"}, {"id": "Ramp_01_032"}, {"id": "Ramp_01_033"}, {"id": "Ramp_01_034"}, {"id": "Gate_A_04B"}>.KMDW

TRACKTIME 1617646958
TRACK DEF456 B744 373706.4920 -1222252.3920 0 0.13 28 ZOA ZOA46
    FP_ROUTE KSFO.<{"id": "Gate_C_046"}, {"id": "Ramp_03_004"}, {"id": "Txy_A_007"}, {"id": "Txy_A_G"}, {"id": "Txy_A_008"}, {"id": "Txy_A_F1"}, {"id": "Txy_B_F1"}, {"id": "Txy_F1_001"}, {"id": "Rwy_01_004"}, {"id": "Txy_F1_002"}, {"id": "Txy_F1_003"}, {"id": "Rwy_02_005"}, {"id": "Txy_F1_004"}, {"id": "Txy_F_L"}, {"id": "Txy_L_006"}, {"id": "Rwy_03_004"}, {"id": "Txy_L_007"}, {"id": "Txy_L_008"}, {"id": "Rwy_04_006"}, {"id": "Txy_L_009"}, {"id": "Txy_C_L"}, {"id": "Txy_L_V"}, {"id": "Txy_L_E"}, {"id": "Txy_L_010"}, {"id": "Txy_L_011"}, {"id": "Rwy_02_011"}>.RW19L.I19L.WESLA4.RBL..BTG..OLM2.I34C.RW34C.<{"id": "Rwy_01_001"}, {"id": "Txy_C_002"}, {"id": "Txy_C_003"}, {"id": "Rwy_02_001"}, {"id": "Txy_C_004"}, {"id": "Txy_B_029"}, {"id": "Txy_B_028"}, {"id": "Txy_B_027"}, {"id": "Txy_B_026"}, {"id": "Txy_E_B"}, {"id": "Txy_B_025"}, {"id": "Txy_B_024"}, {"id": "Txy_H_B"}, {"id": "Txy_B_023"}, {"id": "Txy_J_B"}, {"id": "Txy_B_022"}, {"id": "Txy_B_021"}, {"id": "Txy_L_B"}, {"id": "Txy_B_020"}, {"id": "Txy_B_019"}, {"id": "Ramp_01_020"}, {"id": "Ramp_01_019"}, {"id": "Ramp_01_018"}, {"id": "Ramp_01_017"}, {"id": "Ramp_02_012"}, {"id": "Ramp_01_012"}, {"id": "Ramp_02_011"}, {"id": "Ramp_01_013"}, {"id": "Ramp_02_010"}, {"id": "Ramp_01_014"}, {"id": "Ramp_02_005"}, {"id": "Ramp_02_004"}, {"id": "Ramp_01_015"}, {"id": "Gate_N_008"}>.KSEA

