TRACKTIME 1618254727
TRACK ABC123 B744 373706.7296 -1222253.9580 0 0.13 28 ZOA ZOA46
    FP_ROUTE KSFO.<{"id": "Gate_D_56B"}, {"id": "Ramp_04_011"}, {"id": "Txy_A_010"}, {"id": "Txy_A_E"}, {"id": "Txy_A_009"}, {"id": "Txy_A_F1"}, {"id": "Txy_A_008"}, {"id": "Txy_A_G"}, {"id": "Txy_B_G"}, {"id": "Txy_B_H"}, {"id": "Txy_B_M"}, {"id": "Txy_M_002"}, {"id": "Rwy_01_001"}>.RW01L.GAPP7.WAGES..BOILE..BLH.TFD.ELP.CLL.HOAGI1.I26L.RW26L.<{"id": "Rwy_02_001"}, {"id": "Txy_NE_010"}, {"id": "Txy_NA_NE"}, {"id": "Txy_NB_NE"}, {"id": "Txy_NC_NE"}, {"id": "Txy_NC_001"}, {"id": "Txy_NC_NR"}, {"id": "Txy_NC_002"}, {"id": "Txy_NC_NF"}, {"id": "Txy_NC_ND"}, {"id": "Txy_NC_003"}, {"id": "Txy_NC_NG"}, {"id": "Txy_NG_002"}, {"id": "Ramp_02_045"}, {"id": "Ramp_02_051"}, {"id": "Ramp_02_052"}, {"id": "Ramp_02_053"}, {"id": "Ramp_02_054"}, {"id": "Ramp_02_055"}, {"id": "Gate_02_045"}>.KIAH

TRACKTIME 1618254737
TRACK ABC456 B744 335632.9800 -1182428.9800 200 100.00 307 ZOA ZOA46
    FP_ROUTE KLAX.<>..RZS.DYAMD5.I28R.RW28R.<{"id": "Rwy_04_018"}, {"id": "Txy_S_002"}, {"id": "Txy_S2_002"}, {"id": "Txy_S_001"}, {"id": "Txy_S_R"}, {"id": "Txy_Z_R"}, {"id": "Txy_Z_S1"}, {"id": "Txy_Z_B1"}, {"id": "Txy_Z_Q"}, {"id": "Txy_B_003"}, {"id": "Txy_Q1_001"}, {"id": "Txy_A_014"}, {"id": "Txy_A_K"}, {"id": "Txy_A_013"}, {"id": "Txy_A_012"}, {"id": "Txy_A_011"}, {"id": "Txy_A_D"}, {"id": "Txy_A_010"}, {"id": "Txy_A_E"}, {"id": "Txy_A_009"}, {"id": "Txy_A_F1"}, {"id": "Txy_A_008"}, {"id": "Ramp_03_007"}, {"id": "Gate_C_045"}>.KSFO

TRACKTIME 1618254747
TRACK DEF123 B744 373701.6536 -1222249.5984 0 0.13 28 ZOA ZOA46
    FP_ROUTE KSFO.<{"id": "Gate_D_54A"}, {"id": "Ramp_04_007"}, {"id": "Txy_A_F1"}, {"id": "Txy_A_008"}, {"id": "Txy_A_G"}, {"id": "Txy_A_007"}, {"id": "Txy_A_006"}, {"id": "Txy_A_005"}, {"id": "Txy_A_H"}, {"id": "Txy_A_004"}, {"id": "Txy_A_M"}, {"id": "Txy_A_003"}, {"id": "Txy_A_002"}, {"id": "Txy_A_A1"}, {"id": "Txy_A_001"}, {"id": "Rwy_02_001"}, {"id": "Rwy_02_002"}>.RW01R.OFFSH1.SAC..ILC..BCE..RSK..PNH.SPS..TXK..JAN.MEI..OTK.I35L.RW35L.<{"id": "Rwy_03_001"}, {"id": "Txy_H1_002"}, {"id": "Txy_H_H1"}, {"id": "Txy_G_H1"}, {"id": "Txy_H1_001"}, {"id": "Ramp_02_014"}, {"id": "Ramp_02_013"}, {"id": "Ramp_02_012"}, {"id": "Ramp_02_011"}, {"id": "Ramp_02_010"}, {"id": "Ramp_02_09"}, {"id": "Ramp_02_008"}, {"id": "Ramp_02_007"}, {"id": "Ramp_02_006"}, {"id": "Ramp_02_005"}, {"id": "Gate_A2_109"}>.KMCO

TRACKTIME 1618254757
TRACK DEF456 B744 373705.6892 -1222251.1068 0 0.13 28 ZOA ZOA46
    FP_ROUTE KSFO.<{"id": "Gate_D_56A"}, {"id": "Ramp_04_010"}, {"id": "Txy_A_E"}, {"id": "Txy_A_009"}, {"id": "Txy_A_F1"}, {"id": "Txy_A_008"}, {"id": "Txy_A_G"}, {"id": "Txy_A_007"}, {"id": "Txy_A_006"}, {"id": "Txy_A_005"}, {"id": "Txy_A_H"}, {"id": "Txy_A_004"}, {"id": "Txy_A_M"}, {"id": "Txy_A_003"}, {"id": "Txy_A_002"}, {"id": "Txy_A_A1"}, {"id": "Txy_A_001"}, {"id": "Rwy_02_001"}, {"id": "Rwy_02_002"}>.RW01R.GAPP7.WAGES..AVE.I25L.RW25L.<{"id": "Rwy_01_011"}, {"id": "Txy_U_001"}, {"id": "Txy_U_004"}, {"id": "Txy_U_002"}, {"id": "Rwy_02_013"}, {"id": "Txy_U_003"}, {"id": "Txy_B_U"}, {"id": "Txy_B_B13"}, {"id": "Txy_B_T"}, {"id": "Txy_B_S"}, {"id": "Txy_C_S"}, {"id": "Txy_C_Q"}, {"id": "Txy_C_P"}, {"id": "Txy_C_C10"}, {"id": "Gate_04_49A"}>.KLAX

