TRACKTIME 1617635222
TRACK ABC123 B744 373707.2120 -1222254.2280 0 0.13 28 ZOA ZOA46
    FP_ROUTE KSFO.<{"id": "Gate_F_081"}, {"id": "Ramp_06_020"}, {"id": "Ramp_06_019"}, {"id": "Ramp_06_018"}, {"id": "Ramp_06_017"}, {"id": "Ramp_06_016"}, {"id": "Ramp_06_015"}, {"id": "Txy_A_B4"}, {"id": "Txy_A_B3"}, {"id": "Txy_A_B2"}, {"id": "Txy_A_B1"}, {"id": "Txy_A_016"}, {"id": "Txy_Q1_001"}, {"id": "Txy_B_002"}, {"id": "Txy_B_K"}, {"id": "Txy_B_D"}, {"id": "Txy_E_B"}, {"id": "Txy_E_001"}, {"id": "Rwy_03_005"}, {"id": "Txy_E_002"}, {"id": "Txy_E_003"}, {"id": "Rwy_04_007"}, {"id": "Txy_E_004"}, {"id": "Txy_C_E"}, {"id": "Txy_E_V"}, {"id": "Txy_V_004"}, {"id": "Rwy_01_007"}, {"id": "Txy_V_003"}, {"id": "Txy_V_002"}, {"id": "Rwy_02_008"}, {"id": "Txy_V_001"}, {"id": "Txy_L_V"}, {"id": "Txy_L_E"}, {"id": "Txy_L_010"}, {"id": "Txy_L_011"}, {"id": "Rwy_02_011"}>.RW19L.I19L.WESLA4.RBL162123..WAATS5.I34R.RW34R.<{"id": "Rwy_02_001"}, {"id": "Txy_H13_001"}, {"id": "Txy_H_H13"}, {"id": "Txy_H_H12"}, {"id": "Txy_H_W"}, {"id": "Txy_H_H11"}, {"id": "Txy_H_V"}, {"id": "Txy_H_U"}, {"id": "Txy_H_050"}, {"id": "Txy_H_H10"}, {"id": "Txy_H_001"}, {"id": "Txy_F_H"}, {"id": "Txy_E_015"}, {"id": "Txy_H_002"}, {"id": "Txy_H_003"}, {"id": "Txy_H_H7"}, {"id": "Ramp_01_014"}, {"id": "Txy_H_H6"}, {"id": "Ramp_01_013"}, {"id": "Gate_B_013"}>.KSLC

TRACKTIME 1617635232
TRACK AAL1175 B744 373303.9960 -1220950.6520 200 100.00 307 ZOA ZOA46
    FP_ROUTE KPSP.<>.PKE260094..PMD..AVE..WAATS5.I34R.RW28R.<{"id": "Rwy_04_018"}, {"id": "Txy_S_002"}, {"id": "Txy_S2_002"}, {"id": "Txy_S_001"}, {"id": "Txy_S_R"}, {"id": "Txy_Z_R"}, {"id": "Txy_Z_S1"}, {"id": "Txy_Z_B1"}, {"id": "Txy_B_B1"}, {"id": "Txy_A_B1"}, {"id": "Txy_A_016"}, {"id": "Txy_A_015"}, {"id": "Gate_F_077"}, {"id": "Ramp_06_003"}, {"id": "Ramp_06_002"}, {"id": "Ramp_06_001"}, {"id": "Gate_06_003"}>.KSFO

