TRACKTIME 1617833399
TRACK ABC123 B744 373705.2284 -1222328.1976 0 0.13 28 ZOA ZOA46
    FP_ROUTE KSFO.<{"id": "Gate_G_094"}, {"id": "Ramp_07_003"}, {"id": "Ramp_07_004"}, {"id": "Ramp_07_005"}, {"id": "Ramp_07_006"}, {"id": "Ramp_07_007"}, {"id": "Txy_B_B5"}, {"id": "Txy_B5_001"}, {"id": "Txy_A_B4"}, {"id": "Txy_A_B3"}, {"id": "Txy_A_B2"}, {"id": "Txy_A_B1"}, {"id": "Txy_A_016"}, {"id": "Txy_A_015"}, {"id": "Txy_A_012"}, {"id": "Txy_A_011"}, {"id": "Txy_A_D"}, {"id": "Txy_A_010"}, {"id": "Txy_A_E"}, {"id": "Txy_A_B"}, {"id": "Txy_F_010"}, {"id": "Txy_F_009"}, {"id": "Rwy_01_005"}, {"id": "Txy_F_008"}, {"id": "Txy_F_007"}, {"id": "Rwy_02_006"}, {"id": "Txy_F_006"}, {"id": "Txy_F_L"}, {"id": "Txy_F_005"}, {"id": "Txy_F_N"}, {"id": "Txy_F_004"}, {"id": "Txy_F_003"}, {"id": "Txy_F_002"}, {"id": "Txy_F_001"}, {"id": "Rwy_03_001"}, {"id": "Txy_C_001"}, {"id": "Txy_C_002"}, {"id": "Rwy_04_001"}>.RW28R.I28R.WESLA4.FMG038038..BAM.J94.OBK..GIJ.J146.PLAIN..VWV.WAKEM2.TRYBE2.I06L.RW06L.<{"id": "Rwy_01_009"}, {"id": "Txy_S_009"}, {"id": "Txy_S_G"}, {"id": "Txy_S_010"}, {"id": "Rwy_04_005"}, {"id": "Txy_S_011"}, {"id": "Txy_S_012"}, {"id": "Rwy_02_007"}, {"id": "Txy_S_013"}, {"id": "Txy_S_L"}, {"id": "Txy_S_J"}, {"id": "Ramp_01_016"}, {"id": "Ramp_01_017"}, {"id": "Ramp_01_018"}, {"id": "Ramp_01_031"}, {"id": "Ramp_01_030"}, {"id": "Ramp_01_032"}, {"id": "Ramp_01_033"}, {"id": "Ramp_01_034"}, {"id": "Ramp_01_036"}, {"id": "Txy_K_009"}, {"id": "Txy_J_K"}, {"id": "Txy_J_007"}, {"id": "Ramp_02_001"}, {"id": "Ramp_02_002"}, {"id": "Ramp_02_003"}, {"id": "Ramp_02_004"}, {"id": "Ramp_02_005"}, {"id": "Ramp_02_006"}, {"id": "Ramp_02_007"}, {"id": "Ramp_02_008"}, {"id": "Gate_D_007"}>.KCLE

TRACKTIME 1617833409
TRACK ABC456 B744 295903.9700 -952029.1900 200 100.00 307 ZOA ZOA46
    FP_ROUTE KIAH.<>.FUZ..SPS.J76.LVS.J58.MLF.J80.OAL.TRYBE2.I06L.RW10L.<{"id": "Rwy_04_001"}, {"id": "Txy_C_002"}, {"id": "Txy_C_001"}, {"id": "Rwy_03_001"}, {"id": "Txy_F_001"}, {"id": "Txy_F_002"}, {"id": "Txy_F_003"}, {"id": "Txy_F_004"}, {"id": "Txy_F_N"}, {"id": "Txy_F_005"}, {"id": "Txy_F_L"}, {"id": "Txy_F_006"}, {"id": "Rwy_02_006"}, {"id": "Txy_F_007"}, {"id": "Txy_F_008"}, {"id": "Rwy_01_005"}, {"id": "Txy_F_009"}, {"id": "Txy_F_010"}, {"id": "Txy_A_B"}, {"id": "Txy_A_E"}, {"id": "Txy_A_010"}, {"id": "Ramp_05_003"}, {"id": "Ramp_05_002"}, {"id": "Gate_E_062"}>.KSFO

TRACKTIME 1617833419
TRACK DEF123 B744 373705.9232 -1222303.6816 0 0.13 28 ZOA ZOA46
    FP_ROUTE KSFO.<{"id": "Gate_E_060"}, {"id": "Ramp_05_001"}, {"id": "Ramp_05_002"}, {"id": "Ramp_05_003"}, {"id": "Txy_A_010"}, {"id": "Txy_A_E"}, {"id": "Txy_A_B"}, {"id": "Txy_F_010"}, {"id": "Txy_F_009"}, {"id": "Rwy_01_005"}, {"id": "Txy_F_008"}, {"id": "Txy_F_007"}, {"id": "Rwy_02_006"}, {"id": "Txy_F_006"}, {"id": "Txy_F_L"}, {"id": "Txy_F_005"}, {"id": "Txy_F_N"}, {"id": "Txy_F_004"}, {"id": "Txy_F_003"}, {"id": "Txy_F_002"}, {"id": "Txy_F_001"}, {"id": "Rwy_03_001"}, {"id": "Txy_C_001"}, {"id": "Txy_C_002"}, {"id": "Rwy_04_001"}>.RW28R.I28R.WESLA4.SAC.J32.BAM.J32.MLD..DDY..ONL.J151.DSM..BDF..ROD..APE..AIR.TRISH3.I15R.RW15R.<{"id": "Rwy_02_010"}, {"id": "Txy_D_001"}, {"id": "Txy_D_002"}, {"id": "Txy_D_T"}, {"id": "Txy_D_003"}, {"id": "Rwy_04_003"}, {"id": "Rwy_04_004"}, {"id": "Rwy_01_04"}, {"id": "Rwy_04_005"}, {"id": "Rwy_04_006"}, {"id": "Rwy_04_007"}, {"id": "Txy_C_001"}, {"id": "Txy_C_A"}, {"id": "Txy_A_026"}, {"id": "Txy_A_027"}, {"id": "Txy_A_028"}, {"id": "Ramp_04_015"}, {"id": "Ramp_04_014"}, {"id": "Gate_D_022"}>.KBWI

TRACKTIME 1617833429
TRACK DEF456 B744 373706.5784 -1222316.6992 0 0.13 28 ZOA ZOA46
    FP_ROUTE KSFO.<{"id": "Gate_01_73A"}, {"id": "Ramp_06_021"}, {"id": "Ramp_06_020"}, {"id": "Ramp_06_019"}, {"id": "Ramp_06_018"}, {"id": "Ramp_06_017"}, {"id": "Ramp_06_016"}, {"id": "Ramp_06_015"}, {"id": "Txy_A_B4"}, {"id": "Txy_A_B3"}, {"id": "Txy_A_B2"}, {"id": "Txy_A_B1"}, {"id": "Txy_A_016"}, {"id": "Txy_Q1_001"}, {"id": "Txy_B_002"}, {"id": "Txy_B_K"}, {"id": "Txy_B_D"}, {"id": "Txy_E_B"}, {"id": "Txy_E_001"}, {"id": "Rwy_03_005"}, {"id": "Txy_E_002"}, {"id": "Txy_E_003"}, {"id": "Rwy_04_007"}, {"id": "Txy_E_004"}, {"id": "Txy_C_E"}, {"id": "Txy_E_V"}, {"id": "Txy_V_004"}, {"id": "Rwy_01_007"}, {"id": "Txy_V_003"}, {"id": "Txy_V_002"}, {"id": "Rwy_02_008"}, {"id": "Txy_V_001"}, {"id": "Txy_L_V"}, {"id": "Txy_L_E"}, {"id": "Txy_L_010"}, {"id": "Txy_L_011"}, {"id": "Rwy_02_011"}>.RW19L.I19L.WESLA4.FMG038038..BAM.J94.OBK..GIJ.J146.PLAIN..VWV.WAKEM2.TRYBE2.I24L.RW24L.<{"id": "Rwy_02_001"}, {"id": "Txy_N_005"}, {"id": "Txy_N_L"}, {"id": "Txy_L_003"}, {"id": "Txy_L_004"}, {"id": "Txy_L_005"}, {"id": "Txy_K_L"}, {"id": "Txy_L_006"}, {"id": "Txy_L_007"}, {"id": "Txy_L_008"}, {"id": "Txy_R_L"}, {"id": "Txy_L_009"}, {"id": "Txy_S_L"}, {"id": "Txy_S_J"}, {"id": "Txy_W_J"}, {"id": "Txy_J_008"}, {"id": "Txy_J_U"}, {"id": "Txy_Y_002"}, {"id": "Ramp_01_005"}, {"id": "Ramp_01_004"}, {"id": "Ramp_01_003"}, {"id": "Ramp_01_002"}, {"id": "Gate_A_004"}>.KCLE

