UAL748 330
UAL210 330
JBU1715 330
EJA110 330
AAL1742 330
JBU333 330
