TRACKTIME 1617820311
TRACK ABC123 B744 373700.2892 -1222249.8612 0 0.13 28 ZOA ZOA46
    FP_ROUTE KSFO.<{"id": "Gate_D_053"}, {"id": "Ramp_04_006"}, {"id": "Txy_A_F1"}, {"id": "Txy_B_F1"}, {"id": "Txy_F1_001"}, {"id": "Rwy_01_004"}, {"id": "Txy_F1_002"}, {"id": "Txy_F1_003"}, {"id": "Rwy_02_005"}, {"id": "Txy_F1_004"}, {"id": "Txy_F_L"}, {"id": "Txy_F_005"}, {"id": "Txy_F_N"}, {"id": "Txy_F_004"}, {"id": "Txy_F_003"}, {"id": "Txy_F_002"}, {"id": "Txy_F_001"}, {"id": "Rwy_03_001"}>.RW28L.I28L.WESLA4.MVA.J84.EKR.ZPLYN3.I16R.RW16R.<{"id": "Rwy_06_001"}, {"id": "Txy_WA_D"}, {"id": "Txy_F_AA"}, {"id": "Txy_G_AA"}, {"id": "Txy_AA_001"}, {"id": "Txy_H_AA"}, {"id": "Txy_H_AS"}, {"id": "Txy_H_AN"}, {"id": "Txy_H_BS"}, {"id": "Txy_H_BN"}, {"id": "Txy_H_CS"}, {"id": "Ramp_02_019"}, {"id": "Ramp_02_018"}, {"id": "Ramp_02_017"}, {"id": "Ramp_02_016"}, {"id": "Ramp_02_015"}, {"id": "Gate_C_015"}>.KDEN

TRACKTIME 1617820321
TRACK ABC456 B744 384455.3100 -902212.1000 200 100.00 307 ZOA ZOA46
    FP_ROUTE KSTL.<>.MCI266048..OAL.ZPLYN3.I10L.RW10L.<{"id": "Rwy_04_001"}, {"id": "Txy_C_002"}, {"id": "Txy_C_001"}, {"id": "Rwy_03_001"}, {"id": "Txy_F_001"}, {"id": "Txy_F_002"}, {"id": "Txy_F_003"}, {"id": "Txy_F_004"}, {"id": "Txy_F_N"}, {"id": "Txy_F_005"}, {"id": "Txy_F_L"}, {"id": "Txy_F1_004"}, {"id": "Rwy_02_005"}, {"id": "Txy_F1_003"}, {"id": "Txy_F1_002"}, {"id": "Rwy_01_004"}, {"id": "Txy_F1_001"}, {"id": "Txy_B_F1"}, {"id": "Txy_A_F1"}, {"id": "Txy_A_008"}, {"id": "Txy_A_G"}, {"id": "Txy_A_007"}, {"id": "Ramp_03_004"}, {"id": "Ramp_03_003"}, {"id": "Ramp_03_002"}, {"id": "Gate_C_042"}>.KSFO

TRACKTIME 1617820331
TRACK DEF123 B744 373711.1000 -1222303.9984 0 0.13 28 ZOA ZOA46
    FP_ROUTE KSFO.<{"id": "Gate_E_066"}, {"id": "Ramp_05_006"}, {"id": "Txy_A_011"}, {"id": "Txy_A_D"}, {"id": "Txy_A_010"}, {"id": "Txy_A_E"}, {"id": "Txy_E_B"}, {"id": "Txy_E_001"}, {"id": "Rwy_03_005"}, {"id": "Txy_E_002"}, {"id": "Txy_E_003"}, {"id": "Rwy_04_007"}, {"id": "Txy_E_004"}, {"id": "Txy_C_E"}, {"id": "Txy_E_V"}, {"id": "Txy_V_004"}, {"id": "Rwy_01_007"}, {"id": "Txy_V_003"}, {"id": "Txy_V_002"}, {"id": "Rwy_02_008"}, {"id": "Txy_V_001"}, {"id": "Txy_L_V"}, {"id": "Txy_L_E"}, {"id": "Txy_L_010"}, {"id": "Txy_L_011"}, {"id": "Rwy_02_011"}>.RW19L.I19L.WESLA4.WAGES..AVE.ZUUMA2.I25R.RW25R.<{"id": "Rwy_02_013"}, {"id": "Txy_U_003"}, {"id": "Txy_B_U"}, {"id": "Txy_B_B13"}, {"id": "Txy_B_T"}, {"id": "Txy_B_S"}, {"id": "Txy_C_S"}, {"id": "Ramp_I_007"}, {"id": "Ramp_I_006"}, {"id": "Ramp_I_005"}, {"id": "Ramp_I_004"}, {"id": "Ramp_I_003"}, {"id": "Ramp_I_002"}, {"id": "Ramp_I_001"}, {"id": "Txy_S_002"}, {"id": "Txy_D_S"}, {"id": "Txy_D_Q"}, {"id": "Txy_D_008"}, {"id": "Txy_D_D10"}, {"id": "Txy_D_007"}, {"id": "Txy_D_006"}, {"id": "Txy_D_D9"}, {"id": "Txy_D_005"}, {"id": "Txy_D_004"}, {"id": "Txy_D_D8"}, {"id": "Ramp_01_005"}, {"id": "Ramp_01_004"}, {"id": "Ramp_01_003"}, {"id": "Gate_02_23A"}>.KLAX

TRACKTIME 1617820341
TRACK DEF456 B744 373640.4568 -1222323.0136 0 0.13 28 ZOA ZOA46
    FP_ROUTE KSFO.<{"id": "Gate_A_009"}, {"id": "Ramp_01_006"}, {"id": "Ramp_01_007"}, {"id": "Txy_M_H"}, {"id": "Txy_H_001"}, {"id": "Txy_H_002"}, {"id": "Txy_H_003"}, {"id": "Txy_H_004"}, {"id": "Txy_H_005"}, {"id": "Txy_H_006"}, {"id": "Txy_A_004"}, {"id": "Txy_A_H"}, {"id": "Txy_B_H"}, {"id": "Txy_H_007"}, {"id": "Rwy_01_002"}, {"id": "Txy_H_008"}, {"id": "Txy_H_009"}, {"id": "Rwy_02_004"}, {"id": "Txy_G_005"}, {"id": "Txy_L_004"}, {"id": "Txy_L_005"}, {"id": "Txy_F_L"}, {"id": "Txy_L_006"}, {"id": "Rwy_03_004"}, {"id": "Txy_L_007"}, {"id": "Txy_L_008"}, {"id": "Rwy_04_006"}, {"id": "Txy_L_009"}, {"id": "Txy_C_L"}, {"id": "Txy_L_V"}, {"id": "Txy_L_E"}, {"id": "Txy_L_010"}, {"id": "Txy_L_011"}, {"id": "Rwy_02_011"}>.RW19L.I19L.WESLA4.RBL162123..WAATS5.I16L.RW16L.<{"id": "Rwy_02_010"}, {"id": "Txy_H1_001"}, {"id": "Txy_H1_h"}, {"id": "Txy_H2_H"}, {"id": "Txy_H_011"}, {"id": "Txy_H_010"}, {"id": "Txy_H_009"}, {"id": "Txy_H_008"}, {"id": "Txy_H_007"}, {"id": "Txy_H3"}, {"id": "Txy_H_006"}, {"id": "Txy_H_005"}, {"id": "Txy_H_004"}, {"id": "Txy_H_H4"}, {"id": "Ramp_03_006"}, {"id": "Ramp_03_007"}, {"id": "Txy_H_H5"}, {"id": "Ramp_01_012"}, {"id": "Ramp_01_013"}, {"id": "Txy_H_H6"}, {"id": "Ramp_01_014"}, {"id": "Txy_H_H7"}, {"id": "Ramp_01_015"}, {"id": "Gate_01_103"}>.KSLC

