ABC123 330
AAL1175 330
