TRACKTIME 1619444706
TRACK ULI234-399 ALOR1 373652.7328 -1222259.1924 497 0.13 52 ZOA ZOA43 
    FP_ROUTE KSFO.<{"id": "Gate_C_042"}, {"id": "Ramp_03_002"}, {"id": "Ramp_03_003"}, {"id": "Ramp_03_004"}, {"id": "Txy_A_007"}, {"id": "Txy_A_G"}, {"id": "Txy_A_008"}, {"id": "Txy_A_F1"}, {"id": "Txy_A_009"}, {"id": "Txy_A_E"}, {"id": "Txy_A_010"}, {"id": "Txy_A_D"}, {"id": "Txy_A_011"}, {"id": "Txy_A_012"}, {"id": "Txy_A_013"}, {"id": "Txy_A_K"}, {"id": "Txy_A_014"}, {"id": "Txy_Q1_001"}, {"id": "Txy_B_003"}, {"id": "Txy_Z_Q"}, {"id": "Txy_Z_B1"}, {"id": "Txy_Z_S1"}, {"id": "Txy_S1_001"}, {"id": "Rwy_03_011"}>.RW10R.AFIVA1.FMG..CZI..RAP..ABR..CESNA..SSM..TULEG..IGN1.R13RY.RW13R.<{"id": "Rwy_01_011"}, {"id": "Txy_KK_003"}, {"id": "Txy_B_KK"}, {"id": "Txy_B_K"}, {"id": "Txy_B_KA"}, {"id": "Txy_A_A"}, {"id": "Txy_A_018"}, {"id": "Txy_A_017"}, {"id": "Txy_A_H"}, {"id": "Txy_G_A"}, {"id": "Txy_A_F"}, {"id": "Txy_A_EA"}, {"id": "Txy_A_013"}, {"id": "Txy_A_E"}, {"id": "Txy_A_DA"}, {"id": "Txy_DA_001"}, {"id": "Ramp_06_014"}, {"id": "Ramp_06_013"}, {"id": "Ramp_06_012"}, {"id": "Ramp_06_011"}, {"id": "Ramp_06_008"}, {"id": "Gate_06_14"}>.KJFK

