ULI234-399 330
